z:\repository\d2 modding\gardenia\source\plugy\debug\vc141.pdb
z:\repository\d2 modding\gardenia\source\plugy\debug\vc141.idb
z:\repository\d2 modding\gardenia\source\plugy\debug\newinterfaces.obj
z:\repository\d2 modding\gardenia\source\plugy\debug\newinterface_cubelisting.obj
z:\repository\d2 modding\gardenia\source\plugy\debug\newinterface_runewords.obj
z:\repository\d2 modding\gardenia\source\plugy\debug\newinterface_stats.obj
z:\repository\d2 modding\gardenia\source\plugy\debug\newinterface_statspagetwo.obj
z:\repository\d2 modding\gardenia\source\plugy\debug\othersfeatures.obj
z:\repository\d2 modding\gardenia\source\plugy\debug\parameters.obj
z:\repository\d2 modding\gardenia\source\plugy\debug\playercustomdata.obj
z:\repository\d2 modding\gardenia\source\plugy\debug\plugy.obj
z:\repository\d2 modding\gardenia\source\plugy\debug\plugyfiles.obj
z:\repository\d2 modding\gardenia\source\plugy\debug\savepath.obj
z:\repository\d2 modding\gardenia\source\plugy\debug\saveplayerdata.obj
z:\repository\d2 modding\gardenia\source\plugy\debug\sharedsavefile.obj
z:\repository\d2 modding\gardenia\source\plugy\debug\statspoints.obj
z:\repository\d2 modding\gardenia\source\plugy\debug\updateclient.obj
z:\repository\d2 modding\gardenia\source\plugy\debug\updateserver.obj
z:\repository\d2 modding\gardenia\source\plugy\debug\libraryutility.obj
z:\repository\d2 modding\gardenia\source\plugy\debug\offsetutility.obj
z:\repository\d2 modding\gardenia\source\plugy\debug\versionutility.obj
z:\repository\d2 modding\gardenia\source\plugy\debug\windowed.obj
z:\repository\d2 modding\gardenia\source\plugy\debug\clientsavefile.obj
z:\repository\d2 modding\gardenia\source\plugy\debug\commands.obj
z:\repository\d2 modding\gardenia\source\plugy\debug\common.obj
z:\repository\d2 modding\gardenia\source\plugy\debug\customlibraries.obj
z:\repository\d2 modding\gardenia\source\plugy\debug\d2functions.obj
z:\repository\d2 modding\gardenia\source\plugy\debug\d2wrapper.obj
z:\repository\d2 modding\gardenia\source\plugy\debug\error.obj
z:\repository\d2 modding\gardenia\source\plugy\debug\extendedsavefile.obj
z:\repository\d2 modding\gardenia\source\plugy\debug\extraoptions.obj
z:\repository\d2 modding\gardenia\source\plugy\debug\globalvariable.obj
z:\repository\d2 modding\gardenia\source\plugy\debug\infinitystash.obj
z:\repository\d2 modding\gardenia\source\plugy\debug\inifile.obj
z:\repository\d2 modding\gardenia\source\plugy\debug\interface_stash.obj
z:\repository\d2 modding\gardenia\source\plugy\debug\interface_stats.obj
z:\repository\d2 modding\gardenia\source\plugy\debug\language.obj
z:\repository\d2 modding\gardenia\source\plugy\debug\library.obj
z:\repository\d2 modding\gardenia\source\plugy\debug\loadplayerdata.obj
z:\repository\d2 modding\gardenia\source\plugy\debug\localizedstrings.obj
z:\repository\d2 modding\gardenia\source\plugy\debug\mainscreen.obj
z:\repository\d2 modding\gardenia\source\plugy\debug\modifmemory.obj
z:\repository\d2 modding\gardenia\source\plugy\debug\bigstash.obj
z:\repository\d2 modding\gardenia\source\plugy\debug\plugy.lib
z:\repository\d2 modding\gardenia\source\plugy\debug\plugy.exp
z:\repository\d2 modding\gardenia\source\plugy\debug\plugy.pdb
z:\repository\d2 modding\gardenia\source\plugy\debug\plugy.ilk
z:\repository\d2 modding\gardenia\source\plugy\debug\plugy.res
z:\repository\d2 modding\gardenia\source\plugy\debug\plugy.dll
z:\repository\d2 modding\gardenia\source\plugy\debug\plugy.tlog\rc.command.1.tlog
z:\repository\d2 modding\gardenia\source\plugy\debug\plugy.tlog\link.command.1.tlog
z:\repository\d2 modding\gardenia\source\plugy\debug\plugy.tlog\cl.command.1.tlog
z:\repository\d2 modding\gardenia\source\plugy\debug\plugy.tlog\cl.write.1.tlog
z:\repository\d2 modding\gardenia\source\plugy\debug\plugy.tlog\cl.read.1.tlog
z:\repository\d2 modding\gardenia\source\plugy\debug\plugy.tlog\plugy.write.1u.tlog
z:\repository\d2 modding\gardenia\source\plugy\debug\plugy.tlog\link.read.1.tlog
z:\repository\d2 modding\gardenia\source\plugy\debug\plugy.tlog\link.write.1.tlog
z:\repository\d2 modding\gardenia\source\plugy\debug\plugy.tlog\rc.write.1.tlog
z:\repository\d2 modding\gardenia\source\plugy\debug\plugy.tlog\rc.read.1.tlog
